<?xml version="1.0" encoding="UTF-8"?>
<testng-results skipped="0" failed="0" ignored="0" total="1" passed="1">
  <reporter-output>
  </reporter-output>
  <suite name="Default suite" duration-ms="8967" started-at="2020-05-31T15:47:34Z" finished-at="2020-05-31T15:47:43Z">
    <groups>
    </groups>
    <test name="Default test" duration-ms="8967" started-at="2020-05-31T15:47:34Z" finished-at="2020-05-31T15:47:43Z">
      <class name="WebProject.Testregression">
        <test-method status="PASS" signature="Tc001()[pri:0, instance:WebProject.Testregression@143640d5]" name="Tc001" duration-ms="8850" started-at="2020-05-31T15:47:34Z" finished-at="2020-05-31T15:47:43Z">
          <reporter-output>
          </reporter-output>
        </test-method> <!-- Tc001 -->
      </class> <!-- WebProject.Testregression -->
    </test> <!-- Default test -->
  </suite> <!-- Default suite -->
</testng-results>
